<?xml version="1.0" encoding="UTF-8"?>
<!-- Generated by org.testng.reporters.JUnitXMLReporter -->
<testsuite hostname="ISOFT-PC155" name="Load profile by traffic code happy Scenarios" tests="7" failures="3" timestamp="14 Jan 2020 05:10:46 GMT" time="3.168" errors="0">
  <testcase name="test_steps" time="1.594" classname="ISOFT.APITesting.TCs.CorrelationTCs_ValuesValidation"/>
  <testcase name="test_steps" time="0.241" classname="ISOFT.APITesting.TCs.CorrelationTCs_ValuesValidation"/>
  <testcase name="test_steps" time="0.207" classname="ISOFT.APITesting.TCs.CorrelationTCs_ValuesValidation">
    <failure type="java.lang.AssertionError" message="[Step 3]

************************************************************************************
URL: 
 &amp;lt;https://qadls:7779/dlsgw/api/trn/customer-profile-summary/load-profile/traffic-code-number&amp;gt;
************************************************************************************
Request type: 
 &amp;lt;POST&amp;gt;
************************************************************************************
Headers: 
 &amp;lt;Authorization&amp;gt; : &amp;lt;Bearer eyJhbGciOiJIUzUxMiJ9.eyJzdWIiOiJhbm9ueW1vdXNfdXNlciIsImF1dGgiOiJST0xFX0FOT05ZTU9VUyIsImNoYW5uZWxDb2RlIjoiRExTX1BPUlRBTCIsInVzZXJUeXBlIjoiQU5PTllNT1VTIiwiZW5nbGlzaFVzZXJUeXBlRGVzYyI6IkFub255bW91cyAiLCJhcmFiaWNVc2VyVHlwZURlc2MiOiLYutmK2LEg2YXYqti52KfYsdmBINi52YTZitmHIiwidXNlcklkIjoxLCJlbmdsaXNoQ3VzdG9tZXJOYW1lIjoiUGVyc29uYWwgRGF0YSBmb3IgdGVzdGluZyBwdXJwb3NlczEiLCJhcmFiaWNDdXN0b21lck5hbWUiOiLYqNmK2KfZhtin2Kog2LTYrti12YrZhyDZhNmE2KfYrtiq2KjYp9ixINmB2YLYtzEiLCJleHAiOjE1NzkwNjQ5NDF9.Z13UaVDFfTuOtoFy9fRA_4QQCWWAGEsR0-sTuCsp2m2bWXYpBRbowJQ2Cby8sRezkec87vpSiifGzyt1_hlp6g&amp;gt;
 &amp;lt;Content-Type&amp;gt; : &amp;lt;application/json&amp;gt;
 &amp;lt;Accept&amp;gt; : &amp;lt;/*/&amp;gt;
************************************************************************************
Request body: 
 &amp;lt;{
	
	&amp;quot;applicationTypeRef&amp;quot;: 1,
    &amp;quot;trafficCodeNo&amp;quot;: null,
    &amp;quot;mobileNo&amp;quot;: &amp;quot;971502633426&amp;quot;
    
}&amp;gt;
************************************************************************************
Expected status code: 
400
************************************************************************************
Json paths to check: 
 &amp;lt;messageEn&amp;gt; : &amp;lt;string&amp;gt; : &amp;lt;Apologies, Traffic file should be entered&amp;gt;
 &amp;lt;messageAr&amp;gt; : &amp;lt;string&amp;gt; : &amp;lt;عذراً، يجب إدخال رقم الملف المروري&amp;gt;
************************************************************************************
The returned  response:

Headers:
Date=Tue, 14 Jan 2020 05:09:02 GMT
X-Content-Type-Options=nosniff
X-XSS-Protection=1; mode=block
Cache-Control=no-cache, no-store, max-age=0, must-revalidate
Pragma=no-cache
Expires=0
X-ORACLE-DMS-ECID=005b1AN8BlG6yGbLxI^AyW0008l_0002D^
X-ORACLE-DMS-RID=0:1
X-Frame-Options=SAMEORIGIN
X-XSS-Protection=1; mode=block
X-Content-Type-Options=nosniff
Strict-Transport-Security=max-age=31536000 ; includeSubDomains
Content-Length=0
Connection=close

Cookies:
{}

Body:

 expected [400] but found [200]">
        <![CDATA[java.lang.AssertionError: [Step 3]

************************************************************************************
URL: 
 <https://qadls:7779/dlsgw/api/trn/customer-profile-summary/load-profile/traffic-code-number>
************************************************************************************
Request type: 
 <POST>
************************************************************************************
Headers: 
 <Authorization> : <Bearer eyJhbGciOiJIUzUxMiJ9.eyJzdWIiOiJhbm9ueW1vdXNfdXNlciIsImF1dGgiOiJST0xFX0FOT05ZTU9VUyIsImNoYW5uZWxDb2RlIjoiRExTX1BPUlRBTCIsInVzZXJUeXBlIjoiQU5PTllNT1VTIiwiZW5nbGlzaFVzZXJUeXBlRGVzYyI6IkFub255bW91cyAiLCJhcmFiaWNVc2VyVHlwZURlc2MiOiLYutmK2LEg2YXYqti52KfYsdmBINi52YTZitmHIiwidXNlcklkIjoxLCJlbmdsaXNoQ3VzdG9tZXJOYW1lIjoiUGVyc29uYWwgRGF0YSBmb3IgdGVzdGluZyBwdXJwb3NlczEiLCJhcmFiaWNDdXN0b21lck5hbWUiOiLYqNmK2KfZhtin2Kog2LTYrti12YrZhyDZhNmE2KfYrtiq2KjYp9ixINmB2YLYtzEiLCJleHAiOjE1NzkwNjQ5NDF9.Z13UaVDFfTuOtoFy9fRA_4QQCWWAGEsR0-sTuCsp2m2bWXYpBRbowJQ2Cby8sRezkec87vpSiifGzyt1_hlp6g>
 <Content-Type> : <application/json>
 <Accept> : </*/>
************************************************************************************
Request body: 
 <{
	
	"applicationTypeRef": 1,
    "trafficCodeNo": null,
    "mobileNo": "971502633426"
    
}>
************************************************************************************
Expected status code: 
400
************************************************************************************
Json paths to check: 
 <messageEn> : <string> : <Apologies, Traffic file should be entered>
 <messageAr> : <string> : <عذراً، يجب إدخال رقم الملف المروري>
************************************************************************************
The returned  response:

Headers:
Date=Tue, 14 Jan 2020 05:09:02 GMT
X-Content-Type-Options=nosniff
X-XSS-Protection=1; mode=block
Cache-Control=no-cache, no-store, max-age=0, must-revalidate
Pragma=no-cache
Expires=0
X-ORACLE-DMS-ECID=005b1AN8BlG6yGbLxI^AyW0008l_0002D^
X-ORACLE-DMS-RID=0:1
X-Frame-Options=SAMEORIGIN
X-XSS-Protection=1; mode=block
X-Content-Type-Options=nosniff
Strict-Transport-Security=max-age=31536000 ; includeSubDomains
Content-Length=0
Connection=close

Cookies:
{}

Body:

 expected [400] but found [200]
	at org.testng.Assert.fail(Assert.java:94)
	at org.testng.Assert.failNotEquals(Assert.java:494)
	at org.testng.Assert.assertEquals(Assert.java:123)
	at org.testng.Assert.assertEquals(Assert.java:370)
	at ISOFT.APITesting.TCs.CorrelationTCs_ValuesValidation.test_steps(CorrelationTCs_ValuesValidation.java:122)
	at sun.reflect.NativeMethodAccessorImpl.invoke0(Native Method)
	at sun.reflect.NativeMethodAccessorImpl.invoke(NativeMethodAccessorImpl.java:62)
	at sun.reflect.DelegatingMethodAccessorImpl.invoke(DelegatingMethodAccessorImpl.java:43)
	at java.lang.reflect.Method.invoke(Method.java:498)
	at org.testng.internal.MethodInvocationHelper.invokeMethod(MethodInvocationHelper.java:80)
	at org.testng.internal.Invoker.invokeMethod(Invoker.java:714)
	at org.testng.internal.Invoker.invokeTestMethod(Invoker.java:901)
	at org.testng.internal.Invoker.invokeTestMethods(Invoker.java:1231)
	at org.testng.internal.TestMethodWorker.invokeTestMethods(TestMethodWorker.java:127)
	at org.testng.internal.TestMethodWorker.run(TestMethodWorker.java:111)
	at java.util.concurrent.ThreadPoolExecutor.runWorker(ThreadPoolExecutor.java:1149)
	at java.util.concurrent.ThreadPoolExecutor$Worker.run(ThreadPoolExecutor.java:624)
	at java.lang.Thread.run(Thread.java:748)
]]>
    </failure>
  </testcase> <!-- test_steps -->
  <testcase name="test_steps" time="0.294" classname="ISOFT.APITesting.TCs.CorrelationTCs_ValuesValidation">
    <failure type="java.lang.AssertionError" message="[Step 4]

************************************************************************************
URL: 
 &amp;lt;https://qadls:7779/dlsgw/api/trn/customer-profile-summary/load-profile/traffic-code-number&amp;gt;
************************************************************************************
Request type: 
 &amp;lt;POST&amp;gt;
************************************************************************************
Headers: 
 &amp;lt;Authorization&amp;gt; : &amp;lt;Bearer eyJhbGciOiJIUzUxMiJ9.eyJzdWIiOiJhbm9ueW1vdXNfdXNlciIsImF1dGgiOiJST0xFX0FOT05ZTU9VUyIsImNoYW5uZWxDb2RlIjoiRExTX1BPUlRBTCIsInVzZXJUeXBlIjoiQU5PTllNT1VTIiwiZW5nbGlzaFVzZXJUeXBlRGVzYyI6IkFub255bW91cyAiLCJhcmFiaWNVc2VyVHlwZURlc2MiOiLYutmK2LEg2YXYqti52KfYsdmBINi52YTZitmHIiwidXNlcklkIjoxLCJlbmdsaXNoQ3VzdG9tZXJOYW1lIjoiUGVyc29uYWwgRGF0YSBmb3IgdGVzdGluZyBwdXJwb3NlczEiLCJhcmFiaWNDdXN0b21lck5hbWUiOiLYqNmK2KfZhtin2Kog2LTYrti12YrZhyDZhNmE2KfYrtiq2KjYp9ixINmB2YLYtzEiLCJleHAiOjE1NzkwNjQ5NDF9.Z13UaVDFfTuOtoFy9fRA_4QQCWWAGEsR0-sTuCsp2m2bWXYpBRbowJQ2Cby8sRezkec87vpSiifGzyt1_hlp6g&amp;gt;
 &amp;lt;Content-Type&amp;gt; : &amp;lt;application/json&amp;gt;
 &amp;lt;Accept&amp;gt; : &amp;lt;/*/&amp;gt;
************************************************************************************
Request body: 
 &amp;lt;{
	
	&amp;quot;applicationTypeRef&amp;quot;: 1,
    &amp;quot;trafficCodeNo&amp;quot;: 1191,
    &amp;quot;mobileNo&amp;quot;: &amp;quot;971502633426&amp;quot;
    
}&amp;gt;
************************************************************************************
Expected status code: 
400
************************************************************************************
Json paths to check: 
 &amp;lt;messageEn&amp;gt; : &amp;lt;string&amp;gt; : &amp;lt;Apologies, Traffic file number is number of 8 digits starts with 1 or 5&amp;gt;
 &amp;lt;messageAr&amp;gt; : &amp;lt;string&amp;gt; : &amp;lt;عذراً، ملف المرور يجب أن يكون رقم من 8 خانات يبدأ بـ 1 أو 5&amp;gt;
************************************************************************************
The returned  response:

Headers:
Date=Tue, 14 Jan 2020 05:09:02 GMT
X-Content-Type-Options=nosniff
X-XSS-Protection=1; mode=block
Cache-Control=no-cache, no-store, max-age=0, must-revalidate
Pragma=no-cache
Expires=0
X-ORACLE-DMS-ECID=005b1AN92^K6yGbLxI^AyW0008l_000Anv
X-ORACLE-DMS-RID=0:1
X-Frame-Options=SAMEORIGIN
X-XSS-Protection=1; mode=block
X-Content-Type-Options=nosniff
Strict-Transport-Security=max-age=31536000 ; includeSubDomains
Content-Length=0
Connection=close

Cookies:
{}

Body:

 expected [400] but found [200]">
        <![CDATA[java.lang.AssertionError: [Step 4]

************************************************************************************
URL: 
 <https://qadls:7779/dlsgw/api/trn/customer-profile-summary/load-profile/traffic-code-number>
************************************************************************************
Request type: 
 <POST>
************************************************************************************
Headers: 
 <Authorization> : <Bearer eyJhbGciOiJIUzUxMiJ9.eyJzdWIiOiJhbm9ueW1vdXNfdXNlciIsImF1dGgiOiJST0xFX0FOT05ZTU9VUyIsImNoYW5uZWxDb2RlIjoiRExTX1BPUlRBTCIsInVzZXJUeXBlIjoiQU5PTllNT1VTIiwiZW5nbGlzaFVzZXJUeXBlRGVzYyI6IkFub255bW91cyAiLCJhcmFiaWNVc2VyVHlwZURlc2MiOiLYutmK2LEg2YXYqti52KfYsdmBINi52YTZitmHIiwidXNlcklkIjoxLCJlbmdsaXNoQ3VzdG9tZXJOYW1lIjoiUGVyc29uYWwgRGF0YSBmb3IgdGVzdGluZyBwdXJwb3NlczEiLCJhcmFiaWNDdXN0b21lck5hbWUiOiLYqNmK2KfZhtin2Kog2LTYrti12YrZhyDZhNmE2KfYrtiq2KjYp9ixINmB2YLYtzEiLCJleHAiOjE1NzkwNjQ5NDF9.Z13UaVDFfTuOtoFy9fRA_4QQCWWAGEsR0-sTuCsp2m2bWXYpBRbowJQ2Cby8sRezkec87vpSiifGzyt1_hlp6g>
 <Content-Type> : <application/json>
 <Accept> : </*/>
************************************************************************************
Request body: 
 <{
	
	"applicationTypeRef": 1,
    "trafficCodeNo": 1191,
    "mobileNo": "971502633426"
    
}>
************************************************************************************
Expected status code: 
400
************************************************************************************
Json paths to check: 
 <messageEn> : <string> : <Apologies, Traffic file number is number of 8 digits starts with 1 or 5>
 <messageAr> : <string> : <عذراً، ملف المرور يجب أن يكون رقم من 8 خانات يبدأ بـ 1 أو 5>
************************************************************************************
The returned  response:

Headers:
Date=Tue, 14 Jan 2020 05:09:02 GMT
X-Content-Type-Options=nosniff
X-XSS-Protection=1; mode=block
Cache-Control=no-cache, no-store, max-age=0, must-revalidate
Pragma=no-cache
Expires=0
X-ORACLE-DMS-ECID=005b1AN92^K6yGbLxI^AyW0008l_000Anv
X-ORACLE-DMS-RID=0:1
X-Frame-Options=SAMEORIGIN
X-XSS-Protection=1; mode=block
X-Content-Type-Options=nosniff
Strict-Transport-Security=max-age=31536000 ; includeSubDomains
Content-Length=0
Connection=close

Cookies:
{}

Body:

 expected [400] but found [200]
	at org.testng.Assert.fail(Assert.java:94)
	at org.testng.Assert.failNotEquals(Assert.java:494)
	at org.testng.Assert.assertEquals(Assert.java:123)
	at org.testng.Assert.assertEquals(Assert.java:370)
	at ISOFT.APITesting.TCs.CorrelationTCs_ValuesValidation.test_steps(CorrelationTCs_ValuesValidation.java:122)
	at sun.reflect.NativeMethodAccessorImpl.invoke0(Native Method)
	at sun.reflect.NativeMethodAccessorImpl.invoke(NativeMethodAccessorImpl.java:62)
	at sun.reflect.DelegatingMethodAccessorImpl.invoke(DelegatingMethodAccessorImpl.java:43)
	at java.lang.reflect.Method.invoke(Method.java:498)
	at org.testng.internal.MethodInvocationHelper.invokeMethod(MethodInvocationHelper.java:80)
	at org.testng.internal.Invoker.invokeMethod(Invoker.java:714)
	at org.testng.internal.Invoker.invokeTestMethod(Invoker.java:901)
	at org.testng.internal.Invoker.invokeTestMethods(Invoker.java:1231)
	at org.testng.internal.TestMethodWorker.invokeTestMethods(TestMethodWorker.java:127)
	at org.testng.internal.TestMethodWorker.run(TestMethodWorker.java:111)
	at java.util.concurrent.ThreadPoolExecutor.runWorker(ThreadPoolExecutor.java:1149)
	at java.util.concurrent.ThreadPoolExecutor$Worker.run(ThreadPoolExecutor.java:624)
	at java.lang.Thread.run(Thread.java:748)
]]>
    </failure>
  </testcase> <!-- test_steps -->
  <testcase name="test_steps" time="0.195" classname="ISOFT.APITesting.TCs.CorrelationTCs_ValuesValidation">
    <failure type="java.lang.AssertionError" message="[Step 5]

************************************************************************************
URL: 
 &amp;lt;https://qadls:7779/dlsgw/api/trn/customer-profile-summary/load-profile/traffic-code-number&amp;gt;
************************************************************************************
Request type: 
 &amp;lt;POST&amp;gt;
************************************************************************************
Headers: 
 &amp;lt;Authorization&amp;gt; : &amp;lt;Bearer eyJhbGciOiJIUzUxMiJ9.eyJzdWIiOiJhbm9ueW1vdXNfdXNlciIsImF1dGgiOiJST0xFX0FOT05ZTU9VUyIsImNoYW5uZWxDb2RlIjoiRExTX1BPUlRBTCIsInVzZXJUeXBlIjoiQU5PTllNT1VTIiwiZW5nbGlzaFVzZXJUeXBlRGVzYyI6IkFub255bW91cyAiLCJhcmFiaWNVc2VyVHlwZURlc2MiOiLYutmK2LEg2YXYqti52KfYsdmBINi52YTZitmHIiwidXNlcklkIjoxLCJlbmdsaXNoQ3VzdG9tZXJOYW1lIjoiUGVyc29uYWwgRGF0YSBmb3IgdGVzdGluZyBwdXJwb3NlczEiLCJhcmFiaWNDdXN0b21lck5hbWUiOiLYqNmK2KfZhtin2Kog2LTYrti12YrZhyDZhNmE2KfYrtiq2KjYp9ixINmB2YLYtzEiLCJleHAiOjE1NzkwNjQ5NDF9.Z13UaVDFfTuOtoFy9fRA_4QQCWWAGEsR0-sTuCsp2m2bWXYpBRbowJQ2Cby8sRezkec87vpSiifGzyt1_hlp6g&amp;gt;
 &amp;lt;Content-Type&amp;gt; : &amp;lt;application/json&amp;gt;
************************************************************************************
Request body: 
 &amp;lt;{
	
	&amp;quot;applicationTypeRef&amp;quot;: 1,
    &amp;quot;trafficCodeNo&amp;quot;:  12050ks5a,
    &amp;quot;mobileNo&amp;quot;: &amp;quot;971502633426&amp;quot;
    
}&amp;gt;
************************************************************************************
Expected status code: 
400
************************************************************************************
Json paths to check: 
 &amp;lt;messageEn&amp;gt; : &amp;lt;string&amp;gt; : &amp;lt;Apologies, please enter the traffic Number in number format&amp;gt;
 &amp;lt;messageAr&amp;gt; : &amp;lt;string&amp;gt; : &amp;lt;عذراً،يرجى إدخال رقم الملف المروري بصيغة الأرقام فقط&amp;gt;
************************************************************************************
The returned  response:

Headers:
Date=Tue, 14 Jan 2020 05:09:02 GMT
X-Content-Type-Options=nosniff
X-XSS-Protection=1; mode=block
Cache-Control=no-cache, no-store, max-age=0, must-revalidate
Pragma=no-cache
Expires=0
X-ORACLE-DMS-ECID=005b1ANA8U66yGbLxI^AyW0008l_000559
X-ORACLE-DMS-RID=0:1
X-Frame-Options=SAMEORIGIN
X-XSS-Protection=1; mode=block
X-Content-Type-Options=nosniff
Strict-Transport-Security=max-age=31536000 ; includeSubDomains
Connection=close
Transfer-Encoding=chunked
Content-Type=application/problem+json

Cookies:
{}

Body:
{
    &amp;quot;status&amp;quot;: 400,
    &amp;quot;detail&amp;quot;: &amp;quot;JSON parse error: Unexpected character (&amp;apos;k&amp;apos; (code 107)): was expecting comma to separate Object entries; nested exception is com.fasterxml.jackson.core.JsonParseException: Unexpected character (&amp;apos;k&amp;apos; (code 107)): was expecting comma to separate Object entries\n at [Source: (PushbackInputStream); line: 4, column: 29]&amp;quot;,
    &amp;quot;errorCategory&amp;quot;: &amp;quot;103&amp;quot;,
    &amp;quot;path&amp;quot;: &amp;quot;/dlsgw/api/trn/customer-profile-summary/load-profile/traffic-code-number&amp;quot;
}
messageEn: is NULL
 expected object to not be null">
        <![CDATA[java.lang.AssertionError: [Step 5]

************************************************************************************
URL: 
 <https://qadls:7779/dlsgw/api/trn/customer-profile-summary/load-profile/traffic-code-number>
************************************************************************************
Request type: 
 <POST>
************************************************************************************
Headers: 
 <Authorization> : <Bearer eyJhbGciOiJIUzUxMiJ9.eyJzdWIiOiJhbm9ueW1vdXNfdXNlciIsImF1dGgiOiJST0xFX0FOT05ZTU9VUyIsImNoYW5uZWxDb2RlIjoiRExTX1BPUlRBTCIsInVzZXJUeXBlIjoiQU5PTllNT1VTIiwiZW5nbGlzaFVzZXJUeXBlRGVzYyI6IkFub255bW91cyAiLCJhcmFiaWNVc2VyVHlwZURlc2MiOiLYutmK2LEg2YXYqti52KfYsdmBINi52YTZitmHIiwidXNlcklkIjoxLCJlbmdsaXNoQ3VzdG9tZXJOYW1lIjoiUGVyc29uYWwgRGF0YSBmb3IgdGVzdGluZyBwdXJwb3NlczEiLCJhcmFiaWNDdXN0b21lck5hbWUiOiLYqNmK2KfZhtin2Kog2LTYrti12YrZhyDZhNmE2KfYrtiq2KjYp9ixINmB2YLYtzEiLCJleHAiOjE1NzkwNjQ5NDF9.Z13UaVDFfTuOtoFy9fRA_4QQCWWAGEsR0-sTuCsp2m2bWXYpBRbowJQ2Cby8sRezkec87vpSiifGzyt1_hlp6g>
 <Content-Type> : <application/json>
************************************************************************************
Request body: 
 <{
	
	"applicationTypeRef": 1,
    "trafficCodeNo":  12050ks5a,
    "mobileNo": "971502633426"
    
}>
************************************************************************************
Expected status code: 
400
************************************************************************************
Json paths to check: 
 <messageEn> : <string> : <Apologies, please enter the traffic Number in number format>
 <messageAr> : <string> : <عذراً،يرجى إدخال رقم الملف المروري بصيغة الأرقام فقط>
************************************************************************************
The returned  response:

Headers:
Date=Tue, 14 Jan 2020 05:09:02 GMT
X-Content-Type-Options=nosniff
X-XSS-Protection=1; mode=block
Cache-Control=no-cache, no-store, max-age=0, must-revalidate
Pragma=no-cache
Expires=0
X-ORACLE-DMS-ECID=005b1ANA8U66yGbLxI^AyW0008l_000559
X-ORACLE-DMS-RID=0:1
X-Frame-Options=SAMEORIGIN
X-XSS-Protection=1; mode=block
X-Content-Type-Options=nosniff
Strict-Transport-Security=max-age=31536000 ; includeSubDomains
Connection=close
Transfer-Encoding=chunked
Content-Type=application/problem+json

Cookies:
{}

Body:
{
    "status": 400,
    "detail": "JSON parse error: Unexpected character ('k' (code 107)): was expecting comma to separate Object entries; nested exception is com.fasterxml.jackson.core.JsonParseException: Unexpected character ('k' (code 107)): was expecting comma to separate Object entries\n at [Source: (PushbackInputStream); line: 4, column: 29]",
    "errorCategory": "103",
    "path": "/dlsgw/api/trn/customer-profile-summary/load-profile/traffic-code-number"
}
messageEn: is NULL
 expected object to not be null
	at org.testng.Assert.fail(Assert.java:94)
	at org.testng.Assert.assertNotNull(Assert.java:404)
	at ISOFT.APITesting.TCs.CorrelationTCs_ValuesValidation.test_steps(CorrelationTCs_ValuesValidation.java:191)
	at sun.reflect.NativeMethodAccessorImpl.invoke0(Native Method)
	at sun.reflect.NativeMethodAccessorImpl.invoke(NativeMethodAccessorImpl.java:62)
	at sun.reflect.DelegatingMethodAccessorImpl.invoke(DelegatingMethodAccessorImpl.java:43)
	at java.lang.reflect.Method.invoke(Method.java:498)
	at org.testng.internal.MethodInvocationHelper.invokeMethod(MethodInvocationHelper.java:80)
	at org.testng.internal.Invoker.invokeMethod(Invoker.java:714)
	at org.testng.internal.Invoker.invokeTestMethod(Invoker.java:901)
	at org.testng.internal.Invoker.invokeTestMethods(Invoker.java:1231)
	at org.testng.internal.TestMethodWorker.invokeTestMethods(TestMethodWorker.java:127)
	at org.testng.internal.TestMethodWorker.run(TestMethodWorker.java:111)
	at java.util.concurrent.ThreadPoolExecutor.runWorker(ThreadPoolExecutor.java:1149)
	at java.util.concurrent.ThreadPoolExecutor$Worker.run(ThreadPoolExecutor.java:624)
	at java.lang.Thread.run(Thread.java:748)
]]>
    </failure>
  </testcase> <!-- test_steps -->
  <testcase name="test_steps" time="0.275" classname="ISOFT.APITesting.TCs.CorrelationTCs_ValuesValidation"/>
  <testcase name="test_steps" time="0.23" classname="ISOFT.APITesting.TCs.CorrelationTCs_ValuesValidation"/>
</testsuite> <!-- Load profile by traffic code happy Scenarios -->
