<?xml version="1.0" encoding="UTF-8"?>
<!-- Generated by org.testng.reporters.JUnitXMLReporter -->
<testsuite hostname="ISOFT-PC155" name="Load profile by traffic code validations" tests="7" failures="1" timestamp="26 Jan 2020 14:41:46 GMT" time="5.027" errors="0">
  <testcase name="test_steps" time="2.387" classname="ISOFT.APITesting.TCs.CorrelationTCs_ValuesValidation"/>
  <testcase name="test_steps" time="1.349" classname="ISOFT.APITesting.TCs.CorrelationTCs_ValuesValidation"/>
  <testcase name="test_steps" time="0.339" classname="ISOFT.APITesting.TCs.CorrelationTCs_ValuesValidation"/>
  <testcase name="test_steps" time="0.21" classname="ISOFT.APITesting.TCs.CorrelationTCs_ValuesValidation"/>
  <testcase name="test_steps" time="0.135" classname="ISOFT.APITesting.TCs.CorrelationTCs_ValuesValidation">
    <failure type="java.lang.AssertionError" message="[Step 5]

************************************************************************************
URL: 
 &amp;lt;https://qadls:7779/dlsgw/api/trn/customer-profile-summary/load-profile/traffic-code-number&amp;gt;
************************************************************************************
Request type: 
 &amp;lt;POST&amp;gt;
************************************************************************************
Headers: 
 &amp;lt;Authorization&amp;gt; : &amp;lt;Bearer eyJhbGciOiJIUzUxMiJ9.eyJzdWIiOiJhbm9ueW1vdXNfdXNlciIsImF1dGgiOiJST0xFX0FOT05ZTU9VUyIsImNoYW5uZWxDb2RlIjoiRExTX1BPUlRBTCIsInVzZXJUeXBlIjoiQU5PTllNT1VTIiwiZW5nbGlzaFVzZXJUeXBlRGVzYyI6IkFub255bW91cyAiLCJhcmFiaWNVc2VyVHlwZURlc2MiOiLYutmK2LEg2YXYqti52KfYsdmBINi52YTZitmHIiwidXNlcklkIjoxLCJlbmdsaXNoQ3VzdG9tZXJOYW1lIjoiUGVyc29uYWwgRGF0YSBmb3IgdGVzdGluZyBwdXJwb3NlczEiLCJhcmFiaWNDdXN0b21lck5hbWUiOiLYqNmK2KfZhtin2Kog2LTYrti12YrZhyDZhNmE2KfYrtiq2KjYp9ixINmB2YLYtzEiLCJleHAiOjE1ODAxMzU5NjV9.1WBmEhPtQ3g9MBVhu85DkYSxA0uXCHQYcNCiKnNwJ7g_19-hr2RQURj0fsbvCfGi4flBbEV50Dh6HdFR-TMWtg&amp;gt;
 &amp;lt;Content-Type&amp;gt; : &amp;lt;application/json&amp;gt;
************************************************************************************
Request body: 
 &amp;lt;{
	
	&amp;quot;applicationTypeRef&amp;quot;: 1,
    &amp;quot;trafficCodeNo&amp;quot;:  12050ks5a,
    &amp;quot;mobileNo&amp;quot;: &amp;quot;971502633426&amp;quot;
    
}&amp;gt;
************************************************************************************
Expected status code: 
400
************************************************************************************
Json paths to check: 
 &amp;lt;messageEn&amp;gt; : &amp;lt;string&amp;gt; : &amp;lt;Apologies, please enter the traffic Number in number format&amp;gt;
 &amp;lt;messageAr&amp;gt; : &amp;lt;string&amp;gt; : &amp;lt;NULL&amp;gt;
************************************************************************************
The returned  response:

Headers:
Date=Sun, 26 Jan 2020 14:39:28 GMT
X-Content-Type-Options=nosniff
X-XSS-Protection=1; mode=block
Cache-Control=no-cache, no-store, max-age=0, must-revalidate
Pragma=no-cache
Expires=0
X-ORACLE-DMS-ECID=005bGjpFiv76yGbLxI^AyW0008l_0009ZG
X-ORACLE-DMS-RID=0:1
X-Frame-Options=SAMEORIGIN
X-XSS-Protection=1; mode=block
X-Content-Type-Options=nosniff
Strict-Transport-Security=max-age=31536000 ; includeSubDomains
Connection=close
Transfer-Encoding=chunked
Content-Type=application/problem+json

Cookies:
{}

Body:
{
    &amp;quot;status&amp;quot;: 400,
    &amp;quot;detail&amp;quot;: &amp;quot;JSON parse error: Unexpected character (&amp;apos;k&amp;apos; (code 107)): was expecting comma to separate Object entries; nested exception is com.fasterxml.jackson.core.JsonParseException: Unexpected character (&amp;apos;k&amp;apos; (code 107)): was expecting comma to separate Object entries\n at [Source: (PushbackInputStream); line: 4, column: 29]&amp;quot;,
    &amp;quot;errorCategory&amp;quot;: &amp;quot;103&amp;quot;,
    &amp;quot;path&amp;quot;: &amp;quot;/dlsgw/api/trn/customer-profile-summary/load-profile/traffic-code-number&amp;quot;
}
messageEn: is NULL
 expected object to not be null">
      <![CDATA[java.lang.AssertionError: [Step 5]

************************************************************************************
URL: 
 <https://qadls:7779/dlsgw/api/trn/customer-profile-summary/load-profile/traffic-code-number>
************************************************************************************
Request type: 
 <POST>
************************************************************************************
Headers: 
 <Authorization> : <Bearer eyJhbGciOiJIUzUxMiJ9.eyJzdWIiOiJhbm9ueW1vdXNfdXNlciIsImF1dGgiOiJST0xFX0FOT05ZTU9VUyIsImNoYW5uZWxDb2RlIjoiRExTX1BPUlRBTCIsInVzZXJUeXBlIjoiQU5PTllNT1VTIiwiZW5nbGlzaFVzZXJUeXBlRGVzYyI6IkFub255bW91cyAiLCJhcmFiaWNVc2VyVHlwZURlc2MiOiLYutmK2LEg2YXYqti52KfYsdmBINi52YTZitmHIiwidXNlcklkIjoxLCJlbmdsaXNoQ3VzdG9tZXJOYW1lIjoiUGVyc29uYWwgRGF0YSBmb3IgdGVzdGluZyBwdXJwb3NlczEiLCJhcmFiaWNDdXN0b21lck5hbWUiOiLYqNmK2KfZhtin2Kog2LTYrti12YrZhyDZhNmE2KfYrtiq2KjYp9ixINmB2YLYtzEiLCJleHAiOjE1ODAxMzU5NjV9.1WBmEhPtQ3g9MBVhu85DkYSxA0uXCHQYcNCiKnNwJ7g_19-hr2RQURj0fsbvCfGi4flBbEV50Dh6HdFR-TMWtg>
 <Content-Type> : <application/json>
************************************************************************************
Request body: 
 <{
	
	"applicationTypeRef": 1,
    "trafficCodeNo":  12050ks5a,
    "mobileNo": "971502633426"
    
}>
************************************************************************************
Expected status code: 
400
************************************************************************************
Json paths to check: 
 <messageEn> : <string> : <Apologies, please enter the traffic Number in number format>
 <messageAr> : <string> : <NULL>
************************************************************************************
The returned  response:

Headers:
Date=Sun, 26 Jan 2020 14:39:28 GMT
X-Content-Type-Options=nosniff
X-XSS-Protection=1; mode=block
Cache-Control=no-cache, no-store, max-age=0, must-revalidate
Pragma=no-cache
Expires=0
X-ORACLE-DMS-ECID=005bGjpFiv76yGbLxI^AyW0008l_0009ZG
X-ORACLE-DMS-RID=0:1
X-Frame-Options=SAMEORIGIN
X-XSS-Protection=1; mode=block
X-Content-Type-Options=nosniff
Strict-Transport-Security=max-age=31536000 ; includeSubDomains
Connection=close
Transfer-Encoding=chunked
Content-Type=application/problem+json

Cookies:
{}

Body:
{
    "status": 400,
    "detail": "JSON parse error: Unexpected character ('k' (code 107)): was expecting comma to separate Object entries; nested exception is com.fasterxml.jackson.core.JsonParseException: Unexpected character ('k' (code 107)): was expecting comma to separate Object entries\n at [Source: (PushbackInputStream); line: 4, column: 29]",
    "errorCategory": "103",
    "path": "/dlsgw/api/trn/customer-profile-summary/load-profile/traffic-code-number"
}
messageEn: is NULL
 expected object to not be null
	at org.testng.Assert.fail(Assert.java:94)
	at org.testng.Assert.assertNotNull(Assert.java:404)
	at ISOFT.APITesting.TCs.CorrelationTCs_ValuesValidation.test_steps(CorrelationTCs_ValuesValidation.java:188)
	at sun.reflect.NativeMethodAccessorImpl.invoke0(Native Method)
	at sun.reflect.NativeMethodAccessorImpl.invoke(NativeMethodAccessorImpl.java:62)
	at sun.reflect.DelegatingMethodAccessorImpl.invoke(DelegatingMethodAccessorImpl.java:43)
	at java.lang.reflect.Method.invoke(Method.java:498)
	at org.testng.internal.MethodInvocationHelper.invokeMethod(MethodInvocationHelper.java:80)
	at org.testng.internal.Invoker.invokeMethod(Invoker.java:714)
	at org.testng.internal.Invoker.invokeTestMethod(Invoker.java:901)
	at org.testng.internal.Invoker.invokeTestMethods(Invoker.java:1231)
	at org.testng.internal.TestMethodWorker.invokeTestMethods(TestMethodWorker.java:127)
	at org.testng.internal.TestMethodWorker.run(TestMethodWorker.java:111)
	at java.util.concurrent.ThreadPoolExecutor.runWorker(ThreadPoolExecutor.java:1149)
	at java.util.concurrent.ThreadPoolExecutor$Worker.run(ThreadPoolExecutor.java:624)
	at java.lang.Thread.run(Thread.java:748)
]]>
    </failure>
  </testcase> <!-- test_steps -->
  <testcase name="test_steps" time="0.246" classname="ISOFT.APITesting.TCs.CorrelationTCs_ValuesValidation"/>
  <testcase name="test_steps" time="0.242" classname="ISOFT.APITesting.TCs.CorrelationTCs_ValuesValidation"/>
</testsuite> <!-- Load profile by traffic code validations -->
